#
# A fatal error has been detected by the Java Runtime Environment:
#
#  EXCEPTION_ACCESS_VIOLATION (0xc0000005) at pc=0x00007ffec52da723, pid=7956, tid=0x0000000000004c98
#
# JRE version: Java(TM) SE Runtime Environment (8.0_111-b14) (build 1.8.0_111-b14)
# Java VM: Java HotSpot(TM) 64-Bit Server VM (25.111-b14 mixed mode windows-amd64 compressed oops)
# Problematic frame:
# C  [GoogleInputTools.ime+0x8a723]
#
# Failed to write core dump. Minidumps are not enabled by default on client versions of Windows
#
# If you would like to submit a bug report, please visit:
#   http://bugreport.java.com/bugreport/crash.jsp
# The crash happened outside the Java Virtual Machine in native code.
# See problematic frame for where to report the bug.
#

---------------  T H R E A D  ---------------

Current thread (0x000000001b14f800):  JavaThread "AWT-Windows" daemon [_thread_in_native, id=19608, stack(0x000000001bac0000,0x000000001bbc0000)]

siginfo: ExceptionCode=0xc0000005, reading address 0x0000000000000000

Registers:
RAX=0x0000000000000000, RBX=0x000000001bf4e820, RCX=0x0000000000000000, RDX=0x00007fff19e628d3
RSP=0x000000001bbbee20, RBP=0x0000000000000400, RSI=0x000000001bf4e820, RDI=0x000000001bf4e820
R8 =0x0000000000000000, R9 =0x0000000000000000, R10=0x0000000000000000, R11=0x0000000000000246
R12=0x0000000000000000, R13=0x0000000000000400, R14=0x0000000000000000, R15=0x0000000000000000
RIP=0x00007ffec52da723, EFLAGS=0x0000000000010246

Top of Stack: (sp=0x000000001bbbee20)
0x000000001bbbee20:   000000001bf4e820 000000001bf4e820
0x000000001bbbee30:   000000001bf4e820 fffffffffffffffe
0x000000001bbbee40:   fffffffffffffffe 0000000000000000
0x000000001bbbee50:   0000000000000400 00007ffec52e21a2
0x000000001bbbee60:   0000000000000000 0000000000000038
0x000000001bbbee70:   0000105d02899695 0000000070250000
0x000000001bbbee80:   000000001d56a700 00007ffec52da7fc
0x000000001bbbee90:   000000001d567e01 fffffffffffffffe
0x000000001bbbeea0:   0000105d028996a5 000000001bf4ad38
0x000000001bbbeeb0:   000000001d56a700 fffffffffffffffe
0x000000001bbbeec0:   0000105d02899625 0000105d028996d5
0x000000001bbbeed0:   000000001d56a700 00007ffec52d9852
0x000000001bbbeee0:   000000001bf4e468 000000001bf4eba0
0x000000001bbbeef0:   000000001bf4e470 0000000000000000
0x000000001bbbef00:   fffffffffffffffe fffffffffffffffe
0x000000001bbbef10:   0000000000000000 000000001bf4eba8 

Instructions: (pc=0x00007ffec52da723)
0x00007ffec52da703:   03 00 c1 e8 16 a8 01 75 09 80 bb f4 01 00 00 00
0x00007ffec52da713:   74 0a 48 83 bb 58 01 00 00 00 75 1a 48 8b 4b 48
0x00007ffec52da723:   48 8b 01 48 8d 93 48 01 00 00 44 8b 83 70 01 00
0x00007ffec52da733:   00 ff 50 08 eb 50 48 c7 44 24 40 07 00 00 00 33 


Register to memory mapping:

RAX=0x0000000000000000 is an unknown value
RBX=0x000000001bf4e820 is an unknown value
RCX=0x0000000000000000 is an unknown value
RDX=0x00007fff19e628d3 is an unknown value
RSP=0x000000001bbbee20 is pointing into the stack for thread: 0x000000001b14f800
RBP=0x0000000000000400 is an unknown value
RSI=0x000000001bf4e820 is an unknown value
RDI=0x000000001bf4e820 is an unknown value
R8 =0x0000000000000000 is an unknown value
R9 =0x0000000000000000 is an unknown value
R10=0x0000000000000000 is an unknown value
R11=0x0000000000000246 is an unknown value
R12=0x0000000000000000 is an unknown value
R13=0x0000000000000400 is an unknown value
R14=0x0000000000000000 is an unknown value
R15=0x0000000000000000 is an unknown value


Stack: [0x000000001bac0000,0x000000001bbc0000],  sp=0x000000001bbbee20,  free space=1019k
Native frames: (J=compiled Java code, j=interpreted, Vv=VM code, C=native code)
C  [GoogleInputTools.ime+0x8a723]
C  [GoogleInputTools.ime+0x8a7fc]
C  [GoogleInputTools.ime+0x89852]
C  [GoogleInputTools.ime+0x94c8b]
C  [GoogleInputTools.ime+0x94819]
C  [GoogleInputTools.ime+0x99798]
C  [USER32.dll+0x11c4c]
C  [USER32.dll+0x10ea6]
C  [awt.dll+0xcc72c]
C  [awt.dll+0xcc9db]
C  0x0000000003357f74

Java frames: (J=compiled Java code, j=interpreted, Vv=VM code)
j  sun.awt.windows.WToolkit.eventLoop()V+0
j  sun.awt.windows.WToolkit.run()V+58
j  java.lang.Thread.run()V+11
v  ~StubRoutines::call_stub

---------------  P R O C E S S  ---------------

Java Threads: ( => current thread )
  0x000000001b4e6800 JavaThread "Java Sound Event Dispatcher" daemon [_thread_blocked, id=14508, stack(0x000000001d460000,0x000000001d560000)]
  0x0000000003241000 JavaThread "DestroyJavaVM" [_thread_blocked, id=19128, stack(0x00000000030a0000,0x00000000031a0000)]
  0x000000001b1ac000 JavaThread "AWT-EventQueue-0" [_thread_blocked, id=19788, stack(0x000000001c520000,0x000000001c620000)]
=>0x000000001b14f800 JavaThread "AWT-Windows" daemon [_thread_in_native, id=19608, stack(0x000000001bac0000,0x000000001bbc0000)]
  0x000000001b148800 JavaThread "AWT-Shutdown" [_thread_blocked, id=17456, stack(0x000000001b9c0000,0x000000001bac0000)]
  0x000000001b148000 JavaThread "Java2D Disposer" daemon [_thread_blocked, id=19400, stack(0x000000001b8c0000,0x000000001b9c0000)]
  0x000000001a231000 JavaThread "Service Thread" daemon [_thread_blocked, id=2320, stack(0x000000001ad70000,0x000000001ae70000)]
  0x000000001a1a4000 JavaThread "C1 CompilerThread3" daemon [_thread_blocked, id=5212, stack(0x000000001ac70000,0x000000001ad70000)]
  0x000000001a1a0000 JavaThread "C2 CompilerThread2" daemon [_thread_blocked, id=20380, stack(0x000000001ab70000,0x000000001ac70000)]
  0x000000001a19b800 JavaThread "C2 CompilerThread1" daemon [_thread_blocked, id=11852, stack(0x000000001aa70000,0x000000001ab70000)]
  0x000000001a197000 JavaThread "C2 CompilerThread0" daemon [_thread_blocked, id=7412, stack(0x000000001a970000,0x000000001aa70000)]
  0x000000001a196000 JavaThread "Attach Listener" daemon [_thread_blocked, id=19692, stack(0x000000001a870000,0x000000001a970000)]
  0x000000001828e800 JavaThread "Signal Dispatcher" daemon [_thread_blocked, id=21964, stack(0x000000001a770000,0x000000001a870000)]
  0x000000001a190800 JavaThread "Finalizer" daemon [_thread_blocked, id=8960, stack(0x000000001a570000,0x000000001a670000)]
  0x0000000003336800 JavaThread "Reference Handler" daemon [_thread_blocked, id=18976, stack(0x000000001a070000,0x000000001a170000)]

Other Threads:
  0x0000000018279800 VMThread [stack: 0x0000000019f70000,0x000000001a070000] [id=17216]
  0x000000001a27d800 WatcherThread [stack: 0x000000001ae70000,0x000000001af70000] [id=16136]

VM state:not at safepoint (normal execution)

VM Mutex/Monitor currently owned by a thread: None

Heap:
 PSYoungGen      total 37888K, used 15819K [0x00000000d6000000, 0x00000000d8a00000, 0x0000000100000000)
  eden space 32768K, 48% used [0x00000000d6000000,0x00000000d6f72ea8,0x00000000d8000000)
  from space 5120K, 0% used [0x00000000d8500000,0x00000000d8500000,0x00000000d8a00000)
  to   space 5120K, 0% used [0x00000000d8000000,0x00000000d8000000,0x00000000d8500000)
 ParOldGen       total 86016K, used 0K [0x0000000082000000, 0x0000000087400000, 0x00000000d6000000)
  object space 86016K, 0% used [0x0000000082000000,0x0000000082000000,0x0000000087400000)
 Metaspace       used 11806K, capacity 12034K, committed 12416K, reserved 1060864K
  class space    used 1502K, capacity 1579K, committed 1664K, reserved 1048576K

Card table byte_map: [0x0000000012700000,0x0000000012b00000] byte_map_base: 0x00000000122f0000

Marking Bits: (ParMarkBitMap*) 0x0000000070d0a6c0
 Begin Bits: [0x00000000135a0000, 0x0000000015520000)
 End Bits:   [0x0000000015520000, 0x00000000174a0000)

Polling page: 0x0000000001820000

CodeCache: size=245760Kb used=5101Kb max_used=5101Kb free=240658Kb
 bounds [0x0000000003340000, 0x0000000003850000, 0x0000000012340000]
 total_blobs=1311 nmethods=792 adapters=432
 compilation: enabled

Compilation events (10 events):
Event: 9.906 Thread 0x000000001a1a4000  788       3       java.util.LinkedList::listIterator (15 bytes)
Event: 9.906 Thread 0x000000001a1a4000 nmethod 788 0x00000000037f8090 code [0x00000000037f8240, 0x00000000037f86c8]
Event: 9.906 Thread 0x000000001a1a4000  789       3       java.util.LinkedList$ListItr::<init> (47 bytes)
Event: 9.906 Thread 0x000000001a1a4000 nmethod 789 0x00000000037dff50 code [0x00000000037e00c0, 0x00000000037e0368]
Event: 9.917 Thread 0x000000001a1a4000  790       3       javax.swing.JComponent::contains (27 bytes)
Event: 9.918 Thread 0x000000001a1a4000 nmethod 790 0x00000000037f7690 code [0x00000000037f7820, 0x00000000037f7ef0]
Event: 9.962 Thread 0x000000001a1a4000  792   !   3       sun.awt.PostEventQueue::flush (168 bytes)
Event: 9.964 Thread 0x000000001a1a4000 nmethod 792 0x00000000037f5b10 code [0x00000000037f5d60, 0x00000000037f6ea8]
Event: 9.964 Thread 0x000000001a1a4000  791       3       sun.awt.SunToolkit::flushPendingEvents (19 bytes)
Event: 9.964 Thread 0x000000001a1a4000 nmethod 791 0x00000000037f5510 code [0x00000000037f56a0, 0x00000000037f59f8]

GC Heap History (0 events):
No events

Deoptimization events (10 events):
Event: 0.383 Thread 0x000000001b1ac000 Uncommon trap: reason=class_check action=maybe_recompile pc=0x00000000034c20e8 method=java.lang.String.equals(Ljava/lang/Object;)Z @ 8
Event: 0.384 Thread 0x000000001b1ac000 Uncommon trap: reason=class_check action=maybe_recompile pc=0x00000000034c20e8 method=java.lang.String.equals(Ljava/lang/Object;)Z @ 8
Event: 0.388 Thread 0x000000001b1ac000 Uncommon trap: reason=class_check action=maybe_recompile pc=0x00000000034c20e8 method=java.lang.String.equals(Ljava/lang/Object;)Z @ 8
Event: 0.389 Thread 0x000000001b1ac000 Uncommon trap: reason=class_check action=maybe_recompile pc=0x00000000034c20e8 method=java.lang.String.equals(Ljava/lang/Object;)Z @ 8
Event: 4.636 Thread 0x000000001b4bb000 Uncommon trap: reason=bimorphic action=maybe_recompile pc=0x00000000035209ec method=java.util.HashMap.putVal(ILjava/lang/Object;Ljava/lang/Object;ZZ)Ljava/lang/Object; @ 152
Event: 5.548 Thread 0x000000001b4bb000 Uncommon trap: reason=unstable_if action=reinterpret pc=0x000000000366aaac method=jaco.mp3.a.m.a(Ljaco/mp3/a/m;[I[I[I[ILjaco/mp3/a/h;)I @ 170
Event: 6.864 Thread 0x000000001b4bb000 Uncommon trap: reason=unstable_if action=reinterpret pc=0x00000000037fdd48 method=jaco.mp3.a.c.a()V @ 3410
Event: 6.865 Thread 0x000000001b4bb000 Uncommon trap: reason=unstable_if action=reinterpret pc=0x00000000037d744c method=jaco.mp3.a.c.a()V @ 3128
Event: 6.865 Thread 0x000000001b4bb000 Uncommon trap: reason=unstable_if action=reinterpret pc=0x00000000037e9050 method=jaco.mp3.a.c.a()V @ 3410
Event: 6.866 Thread 0x000000001b4bb000 Uncommon trap: reason=predicate action=maybe_recompile pc=0x00000000037c53fc method=jaco.mp3.a.c.a()V @ 5938

Internal exceptions (10 events):
Event: 0.237 Thread 0x0000000003241000 Exception <a 'java/lang/ClassNotFoundException': ToolBar> (0x00000000d6405580) thrown at [C:\re\workspace\8-2-build-windows-amd64-cygwin\jdk8u111\7883\hotspot\src\share\vm\classfile\systemDictionary.cpp, line 210]
Event: 0.237 Thread 0x0000000003241000 Exception <a 'java/lang/ClassNotFoundException': ToggleButton> (0x00000000d6405b30) thrown at [C:\re\workspace\8-2-build-windows-amd64-cygwin\jdk8u111\7883\hotspot\src\share\vm\classfile\systemDictionary.cpp, line 210]
Event: 0.237 Thread 0x0000000003241000 Exception <a 'java/lang/ClassNotFoundException': javax/swing/JToolBarSeparator> (0x00000000d6405f90) thrown at [C:\re\workspace\8-2-build-windows-amd64-cygwin\jdk8u111\7883\hotspot\src\share\vm\classfile\systemDictionary.cpp, line 210]
Event: 0.237 Thread 0x0000000003241000 Exception <a 'java/lang/ClassNotFoundException': ToolBarSeparator> (0x00000000d6406428) thrown at [C:\re\workspace\8-2-build-windows-amd64-cygwin\jdk8u111\7883\hotspot\src\share\vm\classfile\systemDictionary.cpp, line 210]
Event: 0.237 Thread 0x0000000003241000 Exception <a 'java/lang/ClassNotFoundException': ToolTip> (0x00000000d6406b68) thrown at [C:\re\workspace\8-2-build-windows-amd64-cygwin\jdk8u111\7883\hotspot\src\share\vm\classfile\systemDictionary.cpp, line 210]
Event: 0.238 Thread 0x0000000003241000 Exception <a 'java/lang/ClassNotFoundException': Tree> (0x00000000d6407788) thrown at [C:\re\workspace\8-2-build-windows-amd64-cygwin\jdk8u111\7883\hotspot\src\share\vm\classfile\systemDictionary.cpp, line 210]
Event: 0.238 Thread 0x0000000003241000 Exception <a 'java/lang/ClassNotFoundException': Tree> (0x00000000d6407ec8) thrown at [C:\re\workspace\8-2-build-windows-amd64-cygwin\jdk8u111\7883\hotspot\src\share\vm\classfile\systemDictionary.cpp, line 210]
Event: 0.238 Thread 0x0000000003241000 Exception <a 'java/lang/ClassNotFoundException': javax/swing/JTreeCell> (0x00000000d6408248) thrown at [C:\re\workspace\8-2-build-windows-amd64-cygwin\jdk8u111\7883\hotspot\src\share\vm\classfile\systemDictionary.cpp, line 210]
Event: 0.238 Thread 0x0000000003241000 Exception <a 'java/lang/ClassNotFoundException': TreeCell> (0x00000000d64086d0) thrown at [C:\re\workspace\8-2-build-windows-amd64-cygwin\jdk8u111\7883\hotspot\src\share\vm\classfile\systemDictionary.cpp, line 210]
Event: 0.239 Thread 0x0000000003241000 Exception <a 'java/lang/ClassNotFoundException': RootPane> (0x00000000d6409130) thrown at [C:\re\workspace\8-2-build-windows-amd64-cygwin\jdk8u111\7883\hotspot\src\share\vm\classfile\systemDictionary.cpp, line 210]

Events (10 events):
Event: 7.472 Executing VM operation: RevokeBias done
Event: 7.472 Thread 0x000000001b4bb000 Thread exited: 0x000000001b4bb000
Event: 7.472 Executing VM operation: RevokeBias
Event: 7.472 Executing VM operation: RevokeBias done
Event: 7.473 Executing VM operation: RevokeBias
Event: 7.473 Executing VM operation: RevokeBias done
Event: 7.473 Thread 0x000000001e598800 Thread exited: 0x000000001e598800
Event: 9.586 Executing VM operation: RevokeBias
Event: 9.587 Executing VM operation: RevokeBias done
Event: 9.587 Thread 0x000000001b227800 Thread exited: 0x000000001b227800


Dynamic libraries:
0x00007ff61e9f0000 - 0x00007ff61ea27000 	C:\Program Files\Java\jdk1.8.0_111\bin\java.exe
0x00007fff1a240000 - 0x00007fff1a447000 	C:\WINDOWS\SYSTEM32\ntdll.dll
0x00007fff190e0000 - 0x00007fff1919d000 	C:\WINDOWS\System32\KERNEL32.DLL
0x00007fff17b30000 - 0x00007fff17ea4000 	C:\WINDOWS\System32\KERNELBASE.dll
0x00007fff19680000 - 0x00007fff1972e000 	C:\WINDOWS\System32\ADVAPI32.dll
0x00007fff192b0000 - 0x00007fff19353000 	C:\WINDOWS\System32\msvcrt.dll
0x00007fff195e0000 - 0x00007fff1967e000 	C:\WINDOWS\System32\sechost.dll
0x00007fff19450000 - 0x00007fff19570000 	C:\WINDOWS\System32\RPCRT4.dll
0x00007fff19e50000 - 0x00007fff19ffc000 	C:\WINDOWS\System32\USER32.dll
0x00007fff17850000 - 0x00007fff17876000 	C:\WINDOWS\System32\win32u.dll
0x00007fff18ef0000 - 0x00007fff18f19000 	C:\WINDOWS\System32\GDI32.dll
0x00007fff17730000 - 0x00007fff17842000 	C:\WINDOWS\System32\gdi32full.dll
0x00007fff17880000 - 0x00007fff1791d000 	C:\WINDOWS\System32\msvcp_win.dll
0x00007fff17920000 - 0x00007fff17a31000 	C:\WINDOWS\System32\ucrtbase.dll
0x00007ffefc750000 - 0x00007ffefc9f5000 	C:\WINDOWS\WinSxS\amd64_microsoft.windows.common-controls_6595b64144ccf1df_6.0.22000.120_none_9d947278b86cc467\COMCTL32.dll
0x00007fff19e10000 - 0x00007fff19e41000 	C:\WINDOWS\System32\IMM32.DLL
0x0000000070410000 - 0x00000000704e2000 	C:\Program Files\Java\jdk1.8.0_111\jre\bin\msvcr100.dll
0x00000000704f0000 - 0x0000000070d8a000 	C:\Program Files\Java\jdk1.8.0_111\jre\bin\server\jvm.dll
0x00007fff18a50000 - 0x00007fff18a58000 	C:\WINDOWS\System32\PSAPI.DLL
0x00007fff10130000 - 0x00007fff10139000 	C:\WINDOWS\SYSTEM32\WSOCK32.dll
0x00007fff10a00000 - 0x00007fff10a33000 	C:\WINDOWS\SYSTEM32\WINMM.dll
0x00007fff0f220000 - 0x00007fff0f22a000 	C:\WINDOWS\SYSTEM32\VERSION.dll
0x00007fff19730000 - 0x00007fff1979f000 	C:\WINDOWS\System32\WS2_32.dll
0x00000000703c0000 - 0x00000000703cf000 	C:\Program Files\Java\jdk1.8.0_111\jre\bin\verify.dll
0x0000000070390000 - 0x00000000703b9000 	C:\Program Files\Java\jdk1.8.0_111\jre\bin\java.dll
0x0000000070370000 - 0x0000000070386000 	C:\Program Files\Java\jdk1.8.0_111\jre\bin\zip.dll
0x00007fff18170000 - 0x00007fff1891e000 	C:\WINDOWS\System32\SHELL32.dll
0x00007fff158b0000 - 0x00007fff16117000 	C:\WINDOWS\SYSTEM32\windows.storage.dll
0x00007fff198f0000 - 0x00007fff19c68000 	C:\WINDOWS\System32\combase.dll
0x00007fff15740000 - 0x00007fff158a6000 	C:\WINDOWS\SYSTEM32\wintypes.dll
0x00007fff19360000 - 0x00007fff1944a000 	C:\WINDOWS\System32\SHCORE.dll
0x00007fff197a0000 - 0x00007fff197fd000 	C:\WINDOWS\System32\shlwapi.dll
0x00007fff17660000 - 0x00007fff17681000 	C:\WINDOWS\SYSTEM32\profapi.dll
0x0000000070190000 - 0x0000000070328000 	C:\Program Files\Java\jdk1.8.0_111\jre\bin\awt.dll
0x00007fff191a0000 - 0x00007fff19276000 	C:\WINDOWS\System32\OLEAUT32.dll
0x00007fff14880000 - 0x00007fff14911000 	C:\WINDOWS\SYSTEM32\apphelp.dll
0x00007fff149f0000 - 0x00007fff14a9c000 	C:\WINDOWS\system32\uxtheme.dll
0x00007fff1a0e0000 - 0x00007fff1a1fe000 	C:\WINDOWS\System32\MSCTF.dll
0x00007fff19c70000 - 0x00007fff19e0a000 	C:\WINDOWS\System32\ole32.dll
0x00007fff16920000 - 0x00007fff16938000 	C:\WINDOWS\SYSTEM32\kernel.appcore.dll
0x00007fff17a40000 - 0x00007fff17abf000 	C:\WINDOWS\System32\bcryptPrimitives.dll
0x00007fff14e60000 - 0x00007fff14e8f000 	C:\WINDOWS\system32\DWMAPI.DLL
0x0000000070140000 - 0x0000000070187000 	C:\Program Files\Java\jdk1.8.0_111\jre\bin\fontmanager.dll
0x00007fff0f290000 - 0x00007fff0f3bd000 	C:\WINDOWS\SYSTEM32\textinputframework.dll
0x00000000700b0000 - 0x00000000700da000 	C:\Program Files\Java\jdk1.8.0_111\jre\bin\dcpr.dll
0x0000000070350000 - 0x000000007036a000 	C:\Program Files\Java\jdk1.8.0_111\jre\bin\net.dll
0x00007fff16d50000 - 0x00007fff16db7000 	C:\WINDOWS\system32\mswsock.dll
0x0000000070330000 - 0x0000000070341000 	C:\Program Files\Java\jdk1.8.0_111\jre\bin\nio.dll
0x00000000700f0000 - 0x0000000070132000 	C:\Program Files\Java\jdk1.8.0_111\jre\bin\t2k.dll
0x00007fff14440000 - 0x00007fff14572000 	C:\WINDOWS\SYSTEM32\CoreMessaging.dll
0x00007fff11bc0000 - 0x00007fff11f2d000 	C:\WINDOWS\SYSTEM32\CoreUIComponents.dll
0x00007fff16fb0000 - 0x00007fff16fbc000 	C:\WINDOWS\SYSTEM32\CRYPTBASE.DLL
0x00000000700a0000 - 0x00000000700ac000 	C:\Program Files\Java\jdk1.8.0_111\jre\bin\jsound.dll
0x0000000070090000 - 0x000000007009b000 	C:\Program Files\Java\jdk1.8.0_111\jre\bin\jsoundds.dll
0x00007ffec8d40000 - 0x00007ffec8de2000 	C:\WINDOWS\SYSTEM32\DSOUND.dll
0x00007fff16130000 - 0x00007fff1617d000 	C:\WINDOWS\SYSTEM32\powrprof.dll
0x00007fff04720000 - 0x00007fff04749000 	C:\WINDOWS\SYSTEM32\winmmbase.dll
0x00007ffec5d30000 - 0x00007ffec5de1000 	C:\WINDOWS\SYSTEM32\ResampleDmo.DLL
0x00007fff07520000 - 0x00007fff0752b000 	C:\WINDOWS\SYSTEM32\msdmo.dll
0x00007fff16220000 - 0x00007fff16233000 	C:\WINDOWS\SYSTEM32\UMPDC.dll
0x00007fff0d200000 - 0x00007fff0d29c000 	C:\WINDOWS\SYSTEM32\MMDevAPI.DLL
0x00007ffedb750000 - 0x00007ffedb796000 	C:\WINDOWS\SYSTEM32\wdmaud.drv
0x00007fff064b0000 - 0x00007fff064b9000 	C:\WINDOWS\SYSTEM32\ksuser.dll
0x00007fff129d0000 - 0x00007fff129db000 	C:\WINDOWS\SYSTEM32\AVRT.dll
0x00007fff17450000 - 0x00007fff1747c000 	C:\WINDOWS\SYSTEM32\DEVOBJ.dll
0x00007fff17400000 - 0x00007fff1744c000 	C:\WINDOWS\SYSTEM32\cfgmgr32.dll
0x00007fff00630000 - 0x00007fff00805000 	C:\WINDOWS\SYSTEM32\AUDIOSES.DLL
0x00007fff05b30000 - 0x00007fff05b3d000 	C:\WINDOWS\SYSTEM32\msacm32.drv
0x00007ffee76c0000 - 0x00007ffee76de000 	C:\WINDOWS\SYSTEM32\MSACM32.dll
0x00007fff02520000 - 0x00007fff0252b000 	C:\WINDOWS\SYSTEM32\midimap.dll
0x00007fff189a0000 - 0x00007fff18a4f000 	C:\WINDOWS\System32\clbcatq.dll
0x00007fff14d60000 - 0x00007fff14d75000 	C:\WINDOWS\SYSTEM32\resourcepolicyclient.dll
0x00007ffefa930000 - 0x00007ffefaab8000 	C:\Windows\System32\Windows.UI.dll
0x00007ffec5250000 - 0x00007ffec5369000 	C:\WINDOWS\system32\GoogleInputTools.ime
0x00007fff15420000 - 0x00007fff15641000 	C:\WINDOWS\system32\dbghelp.dll
0x00007fff14860000 - 0x00007fff14867000 	C:\WINDOWS\system32\MSIMG32.dll
0x00007ffef8a20000 - 0x00007ffef8bd3000 	C:\WINDOWS\WinSxS\amd64_microsoft.windows.gdiplus_6595b64144ccf1df_1.1.22000.434_none_ce836c1412fb9b57\gdiplus.dll
0x00007ffefe4a0000 - 0x00007ffefe4d1000 	C:\WINDOWS\system32\dbgcore.DLL
0x00007fff14d20000 - 0x00007fff14d54000 	C:\WINDOWS\SYSTEM32\ntmarta.dll

VM Arguments:
jvm_args: -Dfile.encoding=UTF-8 
java_command: pianoFrame.pianoFrame
java_class_path (initial): C:\Users\Lenovo\Desktop\jaco-mp3-player-0.9.3.jar;C:\Users\Lenovo\Documents\NetBeansProjects\Piano\build\classes
Launcher Type: SUN_STANDARD

Environment Variables:
PATH=C:\Program Files (x86)\Common Files\Oracle\Java\javapath;C:\ProgramData\Oracle\Java\javapath;C:\Windows\system32;C:\Windows;C:\Windows\System32\Wbem;C:\Windows\System32\WindowsPowerShell\v1.0\;C:\Windows\System32\OpenSSH\;C:\Program Files (x86)\NVIDIA Corporation\PhysX\Common;C:\Program Files\NVIDIA Corporation\NVIDIA NvDLISR;C:\Program Files (x86)\Common Files\Adobe\AGL;C:\Program Files\Microsoft SQL Server\130\Tools\Binn\;C:\Program Files\CodeBlocks\MinGW\bin;C:\WINDOWS\system32;C:\WINDOWS;C:\WINDOWS\System32\Wbem;C:\WINDOWS\System32\WindowsPowerShell\v1.0\;C:\WINDOWS\System32\OpenSSH\;C:\Program Files\Git\cmd;C:\Users\Lenovo\AppData\Local\Programs\Python\Python38-32\Scripts\;C:\Users\Lenovo\AppData\Local\Programs\Python\Python38-32\;C:\Users\Lenovo\AppData\Local\Microsoft\WindowsApps;C:\Users\Lenovo\AppData\Local\GitHubDesktop\bin;C:\Program Files\mingw-w64\x86_64-8.1.0-posix-seh-rt_v6-rev0\mingw64\bin;C:\MinGW\bin;C:\Users\Lenovo\AppData\Local\Programs\Microsoft VS Code\bin;C:\src\flutter\bin;
USERNAME=Lenovo
OS=Windows_NT
PROCESSOR_IDENTIFIER=Intel64 Family 6 Model 165 Stepping 2, GenuineIntel



---------------  S Y S T E M  ---------------

OS: Windows 10.0 , 64 bit Build 22000 (10.0.22000.434)

CPU:total 8 (4 cores per cpu, 2 threads per core) family 6 model 165 stepping 2, cmov, cx8, fxsr, mmx, sse, sse2, sse3, ssse3, sse4.1, sse4.2, popcnt, avx, avx2, aes, clmul, erms, 3dnowpref, lzcnt, ht, tsc, tscinvbit, bmi1, bmi2, adx

Memory: 4k page, physical 8253232k(1130508k free), swap 15593264k(4182496k free)

vm_info: Java HotSpot(TM) 64-Bit Server VM (25.111-b14) for windows-amd64 JRE (1.8.0_111-b14), built on Sep 22 2016 19:24:05 by "java_re" with MS VC++ 10.0 (VS2010)

time: Sun Jan 30 20:40:04 2022
elapsed time: 10 seconds (0d 0h 0m 10s)

